{
  "stats": {
    "suites": 1,
    "tests": 1,
    "passes": 1,
    "pending": 0,
    "failures": 0,
    "start": "2022-04-08T23:07:18.640Z",
    "end": "2022-04-08T23:07:18.900Z",
    "duration": 260,
    "testsRegistered": 1,
    "passPercent": 100,
    "pendingPercent": 0,
    "other": 0,
    "hasOther": false,
    "skipped": 0,
    "hasSkipped": false
  },
  "results": [
    {
      "uuid": "2d781123-1ffb-46cf-af3d-22bd3ae8b85b",
      "title": "",
      "fullFile": "cypress/integration/project.spec.js",
      "file": "cypress/integration/project.spec.js",
      "beforeHooks": [],
      "afterHooks": [],
      "tests": [],
      "suites": [
        {
          "uuid": "8c9c8cc5-94c7-47bd-bd9f-d9675c031334",
          "title": "2 - Um cabeçalho dentro da página, para que o usuário saiba facilmente em que página se encontra e do que se trata o conteúdo",
          "fullFile": "",
          "file": "",
          "beforeHooks": [],
          "afterHooks": [],
          "tests": [
            {
              "title": "Será verificado se sua página possui uma tag `header` com o conteúdo `Minha Lista de Compras`",
              "fullTitle": "2 - Um cabeçalho dentro da página, para que o usuário saiba facilmente em que página se encontra e do que se trata o conteúdo Será verificado se sua página possui uma tag `header` com o conteúdo `Minha Lista de Compras`",
              "timedOut": null,
              "duration": 250,
              "state": "passed",
              "speed": "fast",
              "pass": true,
              "fail": false,
              "pending": false,
              "context": null,
              "code": "cy.get('header').contains(PAGE_TITLE);",
              "err": {},
              "uuid": "af3cb8cc-b107-4bce-9734-64d68f208c34",
              "parentUUID": "8c9c8cc5-94c7-47bd-bd9f-d9675c031334",
              "isHook": false,
              "skipped": false
            }
          ],
          "suites": [],
          "passes": [
            "af3cb8cc-b107-4bce-9734-64d68f208c34"
          ],
          "failures": [],
          "pending": [],
          "skipped": [],
          "duration": 250,
          "root": false,
          "rootEmpty": false,
          "_timeout": 2000
        }
      ],
      "passes": [],
      "failures": [],
      "pending": [],
      "skipped": [],
      "duration": 0,
      "root": true,
      "rootEmpty": true,
      "_timeout": 2000
    }
  ],
  "meta": {
    "mocha": {
      "version": "7.0.1"
    },
    "mochawesome": {
      "options": {
        "quiet": false,
        "reportFilename": "mochawesome",
        "saveHtml": false,
        "saveJson": true,
        "consoleReporter": "spec",
        "useInlineDiffs": false,
        "code": true
      },
      "version": "7.1.3"
    },
    "marge": {
      "options": {
        "id": "default",
        "reportDir": "cypress/reports",
        "overwrite": true,
        "html": false,
        "json": true
      },
      "version": "6.2.0"
    }
  }
}